=> Mew
raiz esq ESQ DIR ESQ esq esq DIR ESQ ESQ ESQ DIR DIR DIR ESQ ESQ SIM
=> Charmander
raiz esq ESQ ESQ DIR esq esq DIR ESQ ESQ ESQ ESQ DIR DIR esq dir dir esq dir dir ESQ esq esq dir dir esq dir dir esq esq esq dir dir ESQ ESQ ESQ DIR esq dir dir esq esq dir dir esq dir NAO
=> Squirtle
raiz esq ESQ DIR ESQ esq esq DIR DIR ESQ ESQ DIR esq dir dir esq dir dir DIR DIR DIR DIR esq esq dir dir esq dir dir esq esq esq dir dir DIR ESQ esq dir dir esq esq dir dir esq dir NAO
=> Pikachu
raiz esq ESQ DIR ESQ esq esq DIR ESQ ESQ ESQ DIR DIR DIR DIR ESQ DIR esq dir dir esq dir dir DIR DIR DIR ESQ esq esq dir dir esq dir dir esq esq esq dir dir DIR ESQ esq dir dir esq esq dir dir esq dir NAO
=> Jigglypuff
raiz esq ESQ ESQ DIR esq esq DIR ESQ ESQ ESQ DIR ESQ DIR DIR esq dir dir esq dir dir DIR DIR ESQ DIR esq esq dir dir esq dir dir esq esq esq dir dir ESQ ESQ DIR esq dir dir esq esq dir dir esq dir NAO
=> Poliwag
raiz esq ESQ DIR ESQ esq esq DIR ESQ ESQ ESQ DIR DIR DIR DIR ESQ DIR esq dir dir esq dir dir DIR DIR DIR ESQ esq esq dir dir esq dir dir esq esq esq dir dir DIR ESQ esq dir dir esq esq dir dir esq dir NAO
=> Meowth
raiz esq ESQ DIR ESQ esq esq DIR ESQ ESQ ESQ DIR DIR DIR ESQ ESQ ESQ esq dir dir esq dir dir DIR DIR DIR ESQ esq esq dir dir esq dir dir esq esq esq dir dir ESQ DIR esq dir dir esq esq dir dir esq dir NAO
=> Scyther
raiz esq ESQ DIR ESQ esq esq DIR ESQ DIR DIR DIR esq dir dir esq dir dir DIR DIR DIR ESQ esq esq dir dir esq dir dir esq esq esq dir dir DIR ESQ esq dir dir esq esq dir dir esq dir NAO
=> Chikorita
raiz esq ESQ ESQ DIR esq esq DIR ESQ ESQ ESQ ESQ DIR DIR esq dir dir esq dir dir ESQ esq esq dir dir esq dir dir esq esq esq dir dir ESQ ESQ ESQ DIR esq dir dir esq esq dir dir esq dir NAO
=> Totodile
raiz esq ESQ DIR DIR esq esq DIR DIR DIR DIR ESQ DIR DIR ESQ esq dir dir esq dir dir DIR DIR DIR DIR esq esq dir dir esq dir dir esq esq esq dir dir DIR ESQ esq dir dir esq esq dir dir esq dir NAO
=> Ditto
raiz esq ESQ ESQ DIR esq esq DIR ESQ ESQ ESQ DIR ESQ ESQ DIR ESQ DIR ESQ esq dir dir esq dir dir DIR ESQ SIM
=> Togepi
raiz esq ESQ DIR DIR esq esq DIR DIR DIR DIR ESQ DIR DIR ESQ esq dir dir esq dir dir DIR DIR DIR DIR esq esq dir dir esq dir dir esq esq esq dir dir DIR ESQ esq dir dir esq esq dir dir esq dir NAO
=> Ampharos
raiz esq ESQ ESQ ESQ esq esq SIM
=> Misdreavus
raiz esq ESQ DIR ESQ esq esq DIR ESQ ESQ ESQ DIR DIR DIR ESQ ESQ DIR esq dir dir esq dir dir DIR DIR DIR ESQ esq esq dir dir esq dir dir esq esq esq dir dir ESQ DIR esq dir dir esq esq dir dir esq dir NAO
=> Houndour
raiz esq ESQ ESQ DIR esq esq DIR ESQ ESQ ESQ DIR ESQ DIR DIR esq dir dir esq dir dir DIR DIR ESQ ESQ esq esq dir dir esq dir dir esq esq esq dir dir ESQ ESQ DIR esq dir dir esq esq dir dir esq dir NAO
=> Treecko
raiz esq ESQ DIR DIR esq esq DIR DIR DIR DIR SIM
=> Tyranitar
raiz esq ESQ DIR DIR esq esq DIR DIR DIR DIR DIR SIM
=> Mudkip
raiz esq ESQ DIR ESQ esq esq DIR ESQ ESQ ESQ DIR DIR DIR ESQ ESQ DIR esq dir dir esq dir dir DIR DIR DIR ESQ esq esq dir dir esq dir dir esq esq esq dir dir ESQ DIR esq dir dir esq esq dir dir esq dir NAO
=> Ralts
raiz esq ESQ DIR ESQ esq esq DIR ESQ DIR ESQ esq dir dir esq dir dir DIR DIR DIR ESQ esq esq dir dir esq dir dir esq esq esq dir dir DIR ESQ esq dir dir esq esq dir dir esq dir NAO
=> Shinx
raiz esq ESQ DIR ESQ esq esq DIR ESQ DIR DIR DIR esq dir dir esq dir dir DIR DIR DIR ESQ esq esq dir dir esq dir dir esq esq esq dir dir DIR ESQ esq dir dir esq esq dir dir esq dir NAO
=> Gible
raiz esq ESQ ESQ DIR esq esq DIR ESQ ESQ ESQ DIR ESQ DIR DIR esq dir dir esq dir dir DIR ESQ DIR esq esq dir dir esq dir dir esq esq esq dir dir ESQ ESQ DIR esq dir dir esq esq dir dir esq dir NAO
=> Snivy
raiz esq ESQ DIR ESQ esq esq DIR ESQ DIR DIR DIR esq dir dir esq dir dir DIR DIR DIR ESQ esq esq dir dir esq dir dir esq esq esq dir dir DIR ESQ esq dir dir esq esq dir dir esq dir NAO
=> Tepig
raiz esq ESQ DIR ESQ esq esq DIR DIR DIR DIR ESQ ESQ esq dir dir esq dir dir DIR DIR DIR DIR esq esq dir dir esq dir dir esq esq esq dir dir DIR ESQ esq dir dir esq esq dir dir esq dir NAO
=> Froakie
raiz esq ESQ ESQ DIR esq esq DIR ESQ ESQ ESQ DIR ESQ DIR DIR esq dir dir esq dir dir DIR ESQ DIR esq esq dir dir esq dir dir esq esq esq dir dir ESQ ESQ DIR esq dir dir esq esq dir dir esq dir NAO
=> Rowlet
raiz esq ESQ DIR ESQ esq esq DIR ESQ DIR DIR DIR esq dir dir esq dir dir DIR DIR DIR ESQ esq esq dir dir esq dir dir esq esq esq dir dir DIR ESQ esq dir dir esq esq dir dir esq dir NAO
